2017-06-23-12:15:04 Scanning files for: licenses, copyrights with 8 process(es)...
2017-06-23-12:15:04 Building license detection index...
2017-06-23-04:16:00 Done.
2017-06-23-04:16:01 Scanning files...
2017-06-23-04:16:02 Scanned: libjson
2017-06-23-04:16:02 Scanned: ._JSONOptions.h
2017-06-23-04:16:02 Scanned: _internal
2017-06-23-04:16:02 Scanned: Getting+Started
2017-06-23-04:16:02 Scanned: TestSuite2
2017-06-23-04:16:02 Scanned: Source
2017-06-23-04:16:02 Scanned: Dependencies
2017-06-23-04:16:02 Scanned: TestSuite
2017-06-23-04:16:03 Scanned: BaseTest.h
2017-06-23-04:16:03 Scanned: License.txt
2017-06-23-04:16:03 Scanned: JSONValidator
2017-06-23-04:16:03 Scanned: JSONDebug
2017-06-23-04:16:03 Scanned: JSON_Base64
2017-06-23-04:16:03 Scanned: NumberToString
2017-06-23-04:16:03 Scanned: JSONGlobals
2017-06-23-04:16:03 Scanned: isValidNamedObject.cpp
2017-06-23-04:16:03 Scanned: libjson.vcproj%7E
2017-06-23-04:16:03 Scanned: libjson.vcproj
2017-06-23-04:16:03 Scanned: libjson.h
2017-06-23-04:16:03 Scanned: securityTest.h
2017-06-23-04:16:03 Scanned: isValidNamedObject.h
2017-06-23-04:16:03 Scanned: isValidRoot.cpp
2017-06-23-04:16:03 Scanned: isValidPartialRoot.h
2017-06-23-04:16:03 Scanned: isValidArray.h
2017-06-23-04:16:03 Scanned: makefile
2017-06-23-04:16:03 Scanned: JSONOptions.h
2017-06-23-04:16:03 Scanned: isValidObject.h
2017-06-23-04:16:03 Scanned: isValidMember.cpp
2017-06-23-04:16:03 Scanned: isValidObject.cpp
2017-06-23-04:16:03 Scanned: securityTest.cpp
2017-06-23-04:16:03 Scanned: isValidNumber.h
2017-06-23-04:16:03 Scanned: isValidRoot.h
2017-06-23-04:16:03 Scanned: isValidString.cpp
2017-06-23-04:16:03 Scanned: isValidString.h
2017-06-23-04:16:03 Scanned: Resources
2017-06-23-04:16:03 Scanned: isValidMember.h
2017-06-23-04:16:03 Scanned: isValidPartialRoot.cpp
2017-06-23-04:16:03 Scanned: isValidArray.cpp
2017-06-23-04:16:03 Scanned: JSON_FAIL.h
2017-06-23-04:16:03 Scanned: JSON_ASSERT.h
2017-06-23-04:16:03 Scanned: validyMacros.h
2017-06-23-04:16:04 Scanned: JSON_ASSERT.cpp
2017-06-23-04:16:04 Scanned: JSON_FAIL_SAFE.h
2017-06-23-04:16:04 Scanned: JSON_FAIL.cpp
2017-06-23-04:16:04 Scanned: JSON_ASSERT_SAFE.h
2017-06-23-04:16:04 Scanned: JSON_ASSERT_SAFE.cpp
2017-06-23-04:16:04 Scanned: json_decode64.cpp
2017-06-23-04:16:04 Scanned: JSON_FAIL_SAFE.cpp
2017-06-23-04:16:04 Scanned: json_decode64.h
2017-06-23-04:16:04 Scanned: json_encode64.h
2017-06-23-04:16:04 Scanned: _ftoa.h
2017-06-23-04:16:04 Scanned: json_encode64.cpp
2017-06-23-04:16:04 Scanned: _uitoa.h
2017-06-23-04:16:04 Scanned: getLenSize.h
2017-06-23-04:16:04 Scanned: _ftoa.cpp
2017-06-23-04:16:04 Scanned: _itoa.h
2017-06-23-04:16:04 Scanned: _areFloatsEqual.cpp
2017-06-23-04:16:04 Scanned: isNumeric.h
2017-06-23-04:16:04 Scanned: validyMacros.h%7E
2017-06-23-04:16:04 Scanned: _uitoa.cpp
2017-06-23-04:16:04 Scanned: getLenSize.cpp
2017-06-23-04:16:04 Scanned: _itoa.cpp
2017-06-23-04:16:04 Scanned: _areFloatsEqual.h
2017-06-23-04:16:04 Scanned: _atof.h
2017-06-23-04:16:04 Scanned: ._JSONWorker.cpp
2017-06-23-04:16:04 Scanned: jsonSingleton.h
2017-06-23-04:16:04 Scanned: ._JSONValidator.h
2017-06-23-04:16:04 Scanned: jsonSingleton.cpp
2017-06-23-04:16:04 Scanned: ._JSONGlobals.h
2017-06-23-04:16:04 Scanned: _atof.cpp
2017-06-23-04:16:04 Scanned: JSONStats.h
2017-06-23-04:16:04 Scanned: JSON_Base64.h
2017-06-23-04:16:05 Scanned: ._JSONNode_Mutex.cpp
2017-06-23-04:16:05 Scanned: JSONPreparse.cpp
2017-06-23-04:16:05 Scanned: ._libjson.cpp
2017-06-23-04:16:05 Scanned: JSONDefs.h
2017-06-23-04:16:05 Scanned: ._JSONAllocator.h
2017-06-23-04:16:05 Scanned: JSONNode.cpp
2017-06-23-04:16:05 Scanned: ._JSON_Base64.h
2017-06-23-04:16:05 Scanned: ._JSONSharedString.h
2017-06-23-04:16:05 Scanned: isNumeric.cpp
2017-06-23-04:16:05 Scanned: JSONMemory.cpp
2017-06-23-04:16:05 Scanned: JSONIterators.cpp
2017-06-23-04:16:05 Scanned: ._JSONChildren.h
2017-06-23-04:16:05 Scanned: JSONValidator.h
2017-06-23-04:16:05 Scanned: ._JSONNode.h
2017-06-23-04:16:05 Scanned: ._JSONMemory.h
2017-06-23-04:16:05 Scanned: JSONAllocator.cpp
2017-06-23-04:16:05 Scanned: ._JSONPreparse.cpp
2017-06-23-04:16:05 Scanned: isValidNumber.cpp
2017-06-23-04:16:05 Scanned: ._JSONSingleton.h
2017-06-23-04:16:05 Scanned: ._JSONStats.h
2017-06-23-04:16:05 Scanned: JSONStream.cpp
2017-06-23-04:16:05 Scanned: ._JSONDefs.h
2017-06-23-04:16:05 Scanned: JSONAllocator.h
2017-06-23-04:16:05 Scanned: JSONChildren.cpp
2017-06-23-04:16:05 Scanned: ._JSONStream.cpp
2017-06-23-04:16:05 Scanned: ._JSONDefs
2017-06-23-04:16:05 Scanned: JSONDebug.h
2017-06-23-04:16:05 Scanned: ._internalJSONNode.cpp
2017-06-23-04:16:05 Scanned: JSONWorker.h
2017-06-23-04:16:05 Scanned: ._JSONChildren.cpp
2017-06-23-04:16:05 Scanned: NumberToString.h
2017-06-23-04:16:05 Scanned: JSONDebug.cpp
2017-06-23-04:16:05 Scanned: ._NumberToString.h
2017-06-23-04:16:05 Scanned: ._JSONMemory.cpp
2017-06-23-04:16:05 Scanned: JSONSharedString.h
2017-06-23-04:16:05 Scanned: JSONNode.h
2017-06-23-04:16:05 Scanned: JSONSingleton.h
2017-06-23-04:16:05 Scanned: JSONMemory.h
2017-06-23-04:16:05 Scanned: ._JSONNode.cpp
2017-06-23-04:16:05 Scanned: libjson.cpp
2017-06-23-04:16:06 Scanned: ._JSONStream.h
2017-06-23-04:16:06 Scanned: JSONNode_Mutex.cpp
2017-06-23-04:16:06 Scanned: JSONMemoryPool.h
2017-06-23-04:16:06 Scanned: JSONGlobals.h
2017-06-23-04:16:06 Scanned: JSONPreparse.h
2017-06-23-04:16:06 Scanned: ._JSONDebug.h
2017-06-23-04:16:06 Scanned: ._internalJSONNode.h
2017-06-23-04:16:06 Scanned: ._JSONAllocator.cpp
2017-06-23-04:16:06 Scanned: JSONValidator.cpp
2017-06-23-04:16:06 Scanned: ._JSONMemoryPool.h
2017-06-23-04:16:06 Scanned: ._JSONIterators.cpp
2017-06-23-04:16:06 Scanned: ._JSONWriter.cpp
2017-06-23-04:16:06 Scanned: ._JSONWorker.h
2017-06-23-04:16:06 Scanned: JSONStream.h
2017-06-23-04:16:06 Scanned: ._JSONDebug.cpp
2017-06-23-04:16:06 Scanned: JSONDefs.h%7E
2017-06-23-04:16:06 Scanned: ._JSONPreparse.h
2017-06-23-04:16:06 Scanned: JSONDefs
2017-06-23-04:16:06 Scanned: ._Unknown_C.h
2017-06-23-04:16:06 Scanned: Visual_C.h
2017-06-23-04:16:06 Scanned: Strings_Defs.h
2017-06-23-04:16:06 Scanned: JSONWriter.cpp
2017-06-23-04:16:06 Scanned: ._Visual_C.h
2017-06-23-04:16:06 Scanned: Unknown_C.h
2017-06-23-04:16:06 Scanned: ._GNU_C.h
2017-06-23-04:16:06 Scanned: JSONChildren.h
2017-06-23-04:16:06 Scanned: internalJSONNode.h
2017-06-23-04:16:06 Scanned: ._Strings_Defs.h
2017-06-23-04:16:06 Scanned: GNU_C.h
2017-06-23-04:16:06 Scanned: mempool%2B%2B
2017-06-23-04:16:07 Scanned: ._libbase64%2B%2B
2017-06-23-04:16:07 Scanned: ._mempool%2B%2B
2017-06-23-04:16:07 Scanned: libbase64%2B%2B
2017-06-23-04:16:07 Scanned: ._mempool.h
2017-06-23-04:16:07 Scanned: ._libbase64%2B%2B.h
2017-06-23-04:16:07 Scanned: NumberToString.h%7E
2017-06-23-04:16:07 Scanned: TestInequality.cpp
2017-06-23-04:16:07 Scanned: TestSharedString.cpp
2017-06-23-04:16:07 Scanned: TestFunctions.cpp
2017-06-23-04:16:07 Scanned: internalJSONNode.cpp
2017-06-23-04:16:07 Scanned: libbase64%2B%2B.h
2017-06-23-04:16:07 Scanned: TestValidator.cpp
2017-06-23-04:16:07 Scanned: TestSuite2Creator.php
2017-06-23-04:16:07 Scanned: main.cpp
2017-06-23-04:16:07 Scanned: TestEquality.cpp
2017-06-23-04:16:07 Scanned: TestCtors.cpp
2017-06-23-04:16:07 Scanned: TestString.cpp
2017-06-23-04:16:07 Scanned: TestSuite.h%7E
2017-06-23-04:16:07 Scanned: JSONWorker.cpp
2017-06-23-04:16:07 Scanned: RunTestSuite2.h
2017-06-23-04:16:07 Scanned: TestNamespace.cpp
2017-06-23-04:16:07 Scanned: TestMutex.cpp
2017-06-23-04:16:08 Scanned: TestChildren.cpp
2017-06-23-04:16:08 Scanned: UStringTest.h
2017-06-23-04:16:08 Scanned: TestSuite.cpp
2017-06-23-04:16:08 Scanned: TestStreams.cpp
2017-06-23-04:16:08 Scanned: TestBinary.cpp
2017-06-23-04:16:08 Scanned: UnitTest.cpp
2017-06-23-04:16:08 Scanned: TestConverters.cpp
2017-06-23-04:16:08 Scanned: TestSuite.1
2017-06-23-04:16:08 Scanned: TestSuite.h
2017-06-23-04:16:08 Scanned: main.cpp%7E
2017-06-23-04:16:08 Scanned: TestWriter.cpp
2017-06-23-04:16:08 Scanned: Checklist.txt
2017-06-23-04:16:08 Scanned: StringTest.h
2017-06-23-04:16:08 Scanned: RunTestSuite2.cpp
2017-06-23-04:16:08 Scanned: TestComments.cpp
2017-06-23-04:16:08 Scanned: UnitTest.h
2017-06-23-04:16:08 Scanned: TestRefCounting.cpp
2017-06-23-04:16:08 Scanned: Benchmark
2017-06-23-04:16:08 Scanned: TestSuite.xcodeproj
2017-06-23-04:16:08 Scanned: makefile
2017-06-23-04:16:08 Scanned: All
2017-06-23-04:16:08 Scanned: TestInspectors.cpp
2017-06-23-04:16:08 Scanned: makefile
2017-06-23-04:16:08 Scanned: ._wallace.mode1v3
2017-06-23-04:16:08 Scanned: ._xcuserdata
2017-06-23-04:16:08 Scanned: TestAssign.cpp
2017-06-23-04:16:08 Scanned: ._project.xcworkspace
2017-06-23-04:16:09 Scanned: TestString.cpp%7E
2017-06-23-04:16:09 Scanned: TestIterators.cpp
2017-06-23-04:16:09 Scanned: ._wallace.pbxuser
2017-06-23-04:16:09 Scanned: project.xcworkspace
2017-06-23-04:16:09 Scanned: main.cpp
2017-06-23-04:16:09 Scanned: xcuserdata
2017-06-23-04:16:09 Scanned: ._xcuserdata
2017-06-23-04:16:09 Scanned: xcuserdata
2017-06-23-04:16:09 Scanned: ._wallace.xcuserdatad
2017-06-23-04:16:09 Scanned: wallace.xcuserdatad
2017-06-23-04:16:09 Scanned: contents.xcworkspacedata
2017-06-23-04:16:09 Scanned: ._wallace.xcuserdatad
2017-06-23-04:16:09 Scanned: wallace.xcuserdatad
2017-06-23-04:16:09 Scanned: Works...tings.xcsettings
2017-06-23-04:16:09 Scanned: ._xcschemes
2017-06-23-04:16:09 Scanned: ._xcdebugger
2017-06-23-04:16:09 Scanned: xcschemes
2017-06-23-04:16:09 Scanned: xcdebugger
2017-06-23-04:16:09 Scanned: xcschememanagement.plist
2017-06-23-04:16:09 Scanned: ._xcsche...nagement.plist
2017-06-23-04:16:09 Scanned: ._TestSuite.xcscheme
2017-06-23-04:16:09 Scanned: TestSuite.xcscheme
2017-06-23-04:16:09 Scanned: Breakpoints.xcbkptlist
2017-06-23-04:16:09 Scanned: mempool.h
2017-06-23-04:16:09 Scanned: Library+Interface
2017-06-23-04:16:09 Scanned: C%2B%2B+Interface
2017-06-23-04:16:10 Scanned: Options.txt
2017-06-23-04:16:10 Scanned: child_node.htm
2017-06-23-04:16:10 Scanned: main.cpp
2017-06-23-04:16:10 Scanned: array.htm
2017-06-23-04:16:10 Scanned: styles
2017-06-23-04:16:10 Scanned: basic_parser.htm
2017-06-23-04:16:10 Scanned: scripts
2017-06-23-04:16:10 Scanned: simple_write.htm
2017-06-23-04:16:11 Scanned: shThemeEclipse.css
2017-06-23-04:16:11 Scanned: wallace.mode1v3
2017-06-23-04:16:11 Scanned: shCoreMidnight.css
2017-06-23-04:16:11 Scanned: shCoreEmacs.css
2017-06-23-04:16:11 Scanned: shCore.css
2017-06-23-04:16:11 Scanned: shThemeRDark.css
2017-06-23-04:16:12 Scanned: shCoreMDUltra.css
2017-06-23-04:16:12 Scanned: shCoreDefault.css
2017-06-23-04:16:12 Scanned: shThemeDefault.css
2017-06-23-04:16:12 Scanned: shCoreDjango.css
2017-06-23-04:16:12 Scanned: shCoreEclipse.css
2017-06-23-04:16:12 Scanned: shThemeMDUltra.css
2017-06-23-04:16:12 Scanned: shThemeFadeToGrey.css
2017-06-23-04:16:12 Scanned: shThemeEmacs.css
2017-06-23-04:16:13 Scanned: shThemeDjango.css
2017-06-23-04:16:13 Scanned: shThemeMidnight.css
2017-06-23-04:16:13 Scanned: shCoreFadeToGrey.css
2017-06-23-04:16:13 Scanned: project.pbxproj
2017-06-23-04:16:13 Scanned: shAutoloader.js
2017-06-23-04:16:13 Scanned: shCoreRDark.css
2017-06-23-04:16:13 Scanned: shBrushCpp.js
2017-06-23-04:16:13 Scanned: child_node.htm
2017-06-23-04:16:13 Scanned: shLegacy.js
2017-06-23-04:16:13 Scanned: array.htm
2017-06-23-04:16:13 Scanned: simple_write.htm
2017-06-23-04:16:14 Scanned: basic_parser.htm
2017-06-23-04:16:14 Scanned: shCore.js
2017-06-23-04:16:16 Scanned: wallace.pbxuser
2017-06-23-04:16:28 Scanned: UserI...State.xcuserstate
2017-06-23-04:16:33 Scanned: Documentation.pdf
2017-06-23-04:16:34 Scanning done.
2017-06-23-04:16:34 Scan statistics: 255 files scanned in 89s.
2017-06-23-04:16:34 Scan options:    licenses, copyrights with 8 process(es).
2017-06-23-04:16:34 Scanning speed:  7.65 files per sec.
2017-06-23-04:16:34 Scanning time:   33s.
2017-06-23-04:16:34 Indexing time:   55s.
2017-06-23-04:16:34 Saving results.
