2017-09-19-12:55:01 Scanning files for: licenses, copyrights with 8 process(es)...
2017-09-19-12:55:01 Building license detection index...
2017-09-19-12:55:01 Scanning files for: licenses, copyrights with 8 process(es)...
2017-09-19-12:55:01 Building license detection index...
2017-09-19-04:55:34 Done.
2017-09-19-04:55:34 Scanning files...
2017-09-19-04:55:40 Done.
2017-09-19-04:55:40 Scanning files...
2017-09-19-04:56:03 Scanning done.
2017-09-19-04:56:04 Scan statistics: 248 files scanned in 59s.
2017-09-19-04:56:05 Scan options:    licenses, copyrights with 8 process(es).
2017-09-19-04:56:05 Scanning speed:  9.19 files per sec.
2017-09-19-04:56:05 Scanning time:   26s.
2017-09-19-04:56:05 Indexing time:   32s.
2017-09-19-04:56:05 Saving results.
2017-09-19-04:56:11 Scanning done.
2017-09-19-04:56:12 Scan statistics: 248 files scanned in 70s.
2017-09-19-04:56:12 Scan options:    licenses, copyrights with 8 process(es).
2017-09-19-04:56:12 Scanning speed:  7.77 files per sec.
2017-09-19-04:56:12 Scanning time:   31s.
2017-09-19-04:56:12 Indexing time:   38s.
2017-09-19-04:56:12 Saving results.
